<?xml version="1.0" encoding="UTF-8"?>
<testsuite name="pl.spring.demo.web.controller.BookControllerTest" time="0.405" tests="1" errors="0" skipped="0" failures="1">
  <properties>
[...]
</properties>
  <testcase name="testFindAllBooks" classname="pl.spring.demo.web.controller.BookControllerTest" time="0.405">
    <failure message="No ModelAndView found" type="java.lang.AssertionError">java.lang.AssertionError: No ModelAndView found
	at org.springframework.test.util.AssertionErrors.fail(AssertionErrors.java:39)
	at org.springframework.test.util.AssertionErrors.assertTrue(AssertionErrors.java:72)
	at org.springframework.test.web.servlet.result.ViewResultMatchers$2.match(ViewResultMatchers.java:65)
	at org.springframework.test.web.servlet.MockMvc$1.andExpect(MockMvc.java:152)
	at pl.spring.demo.web.controller.BookControllerTest.testFindAllBooks(BookControllerTest.java:36)
</failure>
    <system-out><![CDATA[2015-08-06 13:49:15,489 INFO org.springframework.test.context.support.AbstractContextLoader - Detected default resource location "classpath:pl/spring/demo/web/rest/BookRestServiceTest-context.xml" for test class [pl.spring.demo.web.rest.BookRestServiceTest]
2015-08-06 13:49:15,491 INFO org.springframework.test.context.support.AbstractDelegatingSmartContextLoader - GenericXmlWebContextLoader detected default locations for context configuration [ContextConfigurationAttributes@2c039ac6 declaringClass = 'pl.spring.demo.web.rest.BookRestServiceTest', classes = '{}', locations = '{classpath:pl/spring/demo/web/rest/BookRestServiceTest-context.xml}', inheritLocations = true, initializers = '{}', inheritInitializers = true, name = [null], contextLoaderClass = 'org.springframework.test.context.ContextLoader'].
2015-08-06 13:49:15,492 INFO org.springframework.test.context.support.AnnotationConfigContextLoaderUtils - Could not detect default configuration classes for test class [pl.spring.demo.web.rest.BookRestServiceTest]: BookRestServiceTest does not declare any static, non-private, non-final, inner classes annotated with @Configuration.
2015-08-06 13:49:15,509 INFO org.springframework.test.context.web.WebTestContextBootstrapper - Loaded default TestExecutionListener class names from location [META-INF/spring.factories]: [org.springframework.test.context.web.ServletTestExecutionListener, org.springframework.test.context.support.DependencyInjectionTestExecutionListener, org.springframework.test.context.support.DirtiesContextTestExecutionListener, org.springframework.test.context.transaction.TransactionalTestExecutionListener, org.springframework.test.context.jdbc.SqlScriptsTestExecutionListener]
2015-08-06 13:49:15,520 INFO org.springframework.test.context.web.WebTestContextBootstrapper - Using TestExecutionListeners: [org.springframework.test.context.web.ServletTestExecutionListener@727803de, org.springframework.test.context.support.DependencyInjectionTestExecutionListener@704921a5, org.springframework.test.context.support.DirtiesContextTestExecutionListener@df27fae, org.springframework.test.context.transaction.TransactionalTestExecutionListener@24a35978, org.springframework.test.context.jdbc.SqlScriptsTestExecutionListener@16f7c8c1]
2015-08-06 13:49:15,666 INFO org.springframework.test.web.servlet.setup.StandaloneMockMvcBuilder$StaticRequestMappingHandlerMapping - Mapped "{[/home],methods=[GET],params=[],headers=[],consumes=[],produces=[],custom=[]}" onto public java.lang.String pl.spring.demo.web.controller.SimpleController.home(java.util.Map<java.lang.String, java.lang.Object>)
2015-08-06 13:49:15,847 INFO org.springframework.web.servlet.mvc.method.annotation.RequestMappingHandlerAdapter - Looking for @ControllerAdvice: org.springframework.test.web.servlet.setup.StubWebApplicationContext@4148db48
2015-08-06 13:49:15,898 INFO org.springframework.mock.web.MockServletContext - Initializing Spring FrameworkServlet ''
2015-08-06 13:49:15,899 INFO org.springframework.test.web.servlet.TestDispatcherServlet - FrameworkServlet '': initialization started
2015-08-06 13:49:15,901 INFO org.springframework.test.web.servlet.TestDispatcherServlet - FrameworkServlet '': initialization completed in 2 ms
2015-08-06 13:49:15,926 WARN org.springframework.web.servlet.PageNotFound - No mapping found for HTTP request with URI [/books] in DispatcherServlet with name ''
]]></system-out>
  </testcase>
</testsuite>